
  .   ____          _            __ _ _
 /\\ / ___'_ __ _ _(_)_ __  __ _ \ \ \ \
( ( )\___ | '_ | '_| | '_ \/ _` | \ \ \ \
 \\/  ___)| |_)| | | | | || (_| |  ) ) ) )
  '  |____| .__|_| |_|_| |_\__, | / / / /
 =========|_|==============|___/=/_/_/_/

 :: Spring Boot ::                (v4.0.3)

2026-03-02T23:41:39.011+06:00  INFO 11972 --- [           main] c.n.s.ScholarShelfApplication            : Starting ScholarShelfApplication v0.0.1-SNAPSHOT using Java 17.0.12 with PID 11972 (D:\3-2\SpringBootProjects\ScholarShelf\build\libs\ScholarShelf-0.0.1-SNAPSHOT.jar started by NILOY in D:\3-2\SpringBootProjects\ScholarShelf)
2026-03-02T23:41:39.021+06:00 DEBUG 11972 --- [           main] c.n.s.ScholarShelfApplication            : Running with Spring Boot v4.0.3, Spring v7.0.5
2026-03-02T23:41:39.022+06:00  INFO 11972 --- [           main] c.n.s.ScholarShelfApplication            : No active profile set, falling back to 1 default profile: "default"
2026-03-02T23:41:42.256+06:00  INFO 11972 --- [           main] .s.d.r.c.RepositoryConfigurationDelegate : Bootstrapping Spring Data JPA repositories in DEFAULT mode.
2026-03-02T23:41:42.457+06:00  INFO 11972 --- [           main] .s.d.r.c.RepositoryConfigurationDelegate : Finished Spring Data repository scanning in 177 ms. Found 6 JPA repository interfaces.
2026-03-02T23:41:44.347+06:00  INFO 11972 --- [           main] o.s.boot.tomcat.TomcatWebServer          : Tomcat initialized with port 8080 (http)
2026-03-02T23:41:44.388+06:00  INFO 11972 --- [           main] o.apache.catalina.core.StandardService   : Starting service [Tomcat]
2026-03-02T23:41:44.395+06:00  INFO 11972 --- [           main] o.apache.catalina.core.StandardEngine    : Starting Servlet engine: [Apache Tomcat/11.0.18]
2026-03-02T23:41:44.531+06:00  INFO 11972 --- [           main] b.w.c.s.WebApplicationContextInitializer : Root WebApplicationContext: initialization completed in 4345 ms
2026-03-02T23:41:45.042+06:00  INFO 11972 --- [           main] org.hibernate.orm.jpa                    : HHH008540: Processing PersistenceUnitInfo [name: default]
2026-03-02T23:41:45.309+06:00  INFO 11972 --- [           main] org.hibernate.orm.core                   : HHH000001: Hibernate ORM core version 7.2.4.Final
2026-03-02T23:41:46.921+06:00  INFO 11972 --- [           main] o.s.o.j.p.SpringPersistenceUnitInfo      : No LoadTimeWeaver setup: ignoring JPA class transformer
2026-03-02T23:41:47.024+06:00  INFO 11972 --- [           main] com.zaxxer.hikari.HikariDataSource       : HikariPool-1 - Starting...
2026-03-02T23:41:47.471+06:00  INFO 11972 --- [           main] com.zaxxer.hikari.pool.HikariPool        : HikariPool-1 - Added connection org.postgresql.jdbc.PgConnection@344a065a
2026-03-02T23:41:47.477+06:00  INFO 11972 --- [           main] com.zaxxer.hikari.HikariDataSource       : HikariPool-1 - Start completed.
2026-03-02T23:41:47.573+06:00  WARN 11972 --- [           main] org.hibernate.orm.deprecation            : HHH90000025: PostgreSQLDialect does not need to be specified explicitly using 'hibernate.dialect' (remove the property setting and it will be selected by default)
2026-03-02T23:41:47.630+06:00  INFO 11972 --- [           main] org.hibernate.orm.connections.pooling    : HHH10001005: Database info:
	Database JDBC URL [jdbc:postgresql://localhost:5432/ScholarShelfDB]
	Database driver: PostgreSQL JDBC Driver
	Database dialect: PostgreSQLDialect
	Database version: 18.1
	Default catalog/schema: ScholarShelfDB/public
	Autocommit mode: undefined/unknown
	Isolation level: READ_COMMITTED [default READ_COMMITTED]
	JDBC fetch size: none
	Pool: DataSourceConnectionProvider
	Minimum pool size: undefined/unknown
	Maximum pool size: undefined/unknown
2026-03-02T23:41:50.685+06:00  INFO 11972 --- [           main] org.hibernate.orm.core                   : HHH000489: No JTA platform available (set 'hibernate.transaction.jta.platform' to enable JTA platform integration)
Hibernate: 
    set client_min_messages = WARNING
Hibernate: 
    alter table if exists books 
       drop constraint if exists FKleqa3hhc0uhfvurq6mil47xk0
Hibernate: 
    alter table if exists books 
       drop constraint if exists FKiwatvar9di52i9uxrseg0h65k
Hibernate: 
    alter table if exists exchange_requests 
       drop constraint if exists FKn9fxx2njtdh084ry458f8kwan
Hibernate: 
    alter table if exists exchange_requests 
       drop constraint if exists FKks6niy55pv52cnbmov0000b7o
Hibernate: 
    alter table if exists messages 
       drop constraint if exists FKt05r0b6n0iis8u7dfna4xdh73
Hibernate: 
    alter table if exists messages 
       drop constraint if exists FK4ui4nnwntodh6wjvck53dbk9m
Hibernate: 
    alter table if exists reviews 
       drop constraint if exists FK6a9k6xvev80se5rreqvuqr7f9
Hibernate: 
    alter table if exists reviews 
       drop constraint if exists FKd1isgfajhtdl8mgg29up6mofi
Hibernate: 
    alter table if exists wishlist 
       drop constraint if exists FKm5enjhac8nch6sen9m1th9gkw
Hibernate: 
    alter table if exists wishlist 
       drop constraint if exists FKtrd6335blsefl2gxpb8lr0gr7
Hibernate: 
    drop table if exists books cascade
Hibernate: 
    drop table if exists categories cascade
Hibernate: 
    drop table if exists exchange_requests cascade
Hibernate: 
    drop table if exists messages cascade
Hibernate: 
    drop table if exists reviews cascade
Hibernate: 
    drop table if exists users cascade
Hibernate: 
    drop table if exists wishlist cascade
Hibernate: 
    create table books (
        available boolean not null,
        price float(53) not null,
        category_id bigint not null,
        created_at timestamp(6) not null,
        id bigint generated by default as identity,
        seller_id bigint not null,
        author varchar(255) not null,
        book_condition varchar(255) not null check ((book_condition in ('NEW','LIKE_NEW','GOOD','FAIR','POOR'))),
        description TEXT,
        image_url varchar(255),
        isbn varchar(255),
        title varchar(255) not null,
        primary key (id)
    )
Hibernate: 
    create table categories (
        id bigint generated by default as identity,
        description varchar(255),
        name varchar(255) not null unique,
        primary key (id)
    )
Hibernate: 
    create table exchange_requests (
        book_id bigint not null,
        buyer_id bigint not null,
        created_at timestamp(6) not null,
        id bigint generated by default as identity,
        updated_at timestamp(6),
        message TEXT,
        status varchar(255) not null check ((status in ('PENDING','ACCEPTED','REJECTED','COMPLETED','CANCELLED'))),
        primary key (id)
    )
Hibernate: 
    create table messages (
        is_read boolean not null,
        id bigint generated by default as identity,
        receiver_id bigint not null,
        sender_id bigint not null,
        sent_at timestamp(6) not null,
        content TEXT not null,
        primary key (id)
    )
Hibernate: 
    create table reviews (
        rating integer not null,
        book_id bigint not null,
        created_at timestamp(6) not null,
        id bigint generated by default as identity,
        reviewer_id bigint not null,
        comment TEXT,
        primary key (id)
    )
Hibernate: 
    create table users (
        active boolean not null,
        created_at timestamp(6) not null,
        id bigint generated by default as identity,
        address varchar(255),
        email varchar(255) not null unique,
        full_name varchar(255) not null,
        password varchar(255) not null,
        phone varchar(255),
        profile_image_url varchar(255),
        role varchar(255) not null check ((role in ('BUYER','SELLER','ADMIN'))),
        primary key (id)
    )
Hibernate: 
    create table wishlist (
        book_id bigint not null,
        user_id bigint not null,
        primary key (book_id, user_id)
    )
Hibernate: 
    alter table if exists books 
       add constraint FKleqa3hhc0uhfvurq6mil47xk0 
       foreign key (category_id) 
       references categories
Hibernate: 
    alter table if exists books 
       add constraint FKiwatvar9di52i9uxrseg0h65k 
       foreign key (seller_id) 
       references users
Hibernate: 
    alter table if exists exchange_requests 
       add constraint FKn9fxx2njtdh084ry458f8kwan 
       foreign key (book_id) 
       references books
Hibernate: 
    alter table if exists exchange_requests 
       add constraint FKks6niy55pv52cnbmov0000b7o 
       foreign key (buyer_id) 
       references users
Hibernate: 
    alter table if exists messages 
       add constraint FKt05r0b6n0iis8u7dfna4xdh73 
       foreign key (receiver_id) 
       references users
Hibernate: 
    alter table if exists messages 
       add constraint FK4ui4nnwntodh6wjvck53dbk9m 
       foreign key (sender_id) 
       references users
Hibernate: 
    alter table if exists reviews 
       add constraint FK6a9k6xvev80se5rreqvuqr7f9 
       foreign key (book_id) 
       references books
Hibernate: 
    alter table if exists reviews 
       add constraint FKd1isgfajhtdl8mgg29up6mofi 
       foreign key (reviewer_id) 
       references users
Hibernate: 
    alter table if exists wishlist 
       add constraint FKm5enjhac8nch6sen9m1th9gkw 
       foreign key (book_id) 
       references books
Hibernate: 
    alter table if exists wishlist 
       add constraint FKtrd6335blsefl2gxpb8lr0gr7 
       foreign key (user_id) 
       references users
2026-03-02T23:41:51.202+06:00  INFO 11972 --- [           main] j.LocalContainerEntityManagerFactoryBean : Initialized JPA EntityManagerFactory for persistence unit 'default'
2026-03-02T23:41:51.802+06:00  INFO 11972 --- [           main] o.s.d.j.r.query.QueryEnhancerFactories   : Hibernate is in classpath; If applicable, HQL parser will be used.
2026-03-02T23:41:53.587+06:00 DEBUG 11972 --- [           main] c.n.s.security.JwtAuthenticationFilter   : Filter 'jwtAuthenticationFilter' configured for use
2026-03-02T23:41:53.852+06:00  INFO 11972 --- [           main] r$InitializeUserDetailsManagerConfigurer : Global AuthenticationManager configured with UserDetailsService bean with name customUserDetailsService
2026-03-02T23:42:00.120+06:00  WARN 11972 --- [           main] JpaBaseConfiguration$JpaWebConfiguration : spring.jpa.open-in-view is enabled by default. Therefore, database queries may be performed during view rendering. Explicitly configure spring.jpa.open-in-view to disable this warning
2026-03-02T23:42:02.256+06:00  WARN 11972 --- [           main] ConfigServletWebServerApplicationContext : Exception encountered during context initialization - cancelling refresh attempt: org.springframework.context.ApplicationContextException: Failed to start bean 'webServerStartStop'
2026-03-02T23:42:02.262+06:00  INFO 11972 --- [           main] j.LocalContainerEntityManagerFactoryBean : Closing JPA EntityManagerFactory for persistence unit 'default'
Hibernate: 
    set client_min_messages = WARNING
Hibernate: 
    alter table if exists books 
       drop constraint if exists FKleqa3hhc0uhfvurq6mil47xk0
Hibernate: 
    alter table if exists books 
       drop constraint if exists FKiwatvar9di52i9uxrseg0h65k
Hibernate: 
    alter table if exists exchange_requests 
       drop constraint if exists FKn9fxx2njtdh084ry458f8kwan
Hibernate: 
    alter table if exists exchange_requests 
       drop constraint if exists FKks6niy55pv52cnbmov0000b7o
Hibernate: 
    alter table if exists messages 
       drop constraint if exists FKt05r0b6n0iis8u7dfna4xdh73
Hibernate: 
    alter table if exists messages 
       drop constraint if exists FK4ui4nnwntodh6wjvck53dbk9m
Hibernate: 
    alter table if exists reviews 
       drop constraint if exists FK6a9k6xvev80se5rreqvuqr7f9
Hibernate: 
    alter table if exists reviews 
       drop constraint if exists FKd1isgfajhtdl8mgg29up6mofi
Hibernate: 
    alter table if exists wishlist 
       drop constraint if exists FKm5enjhac8nch6sen9m1th9gkw
Hibernate: 
    alter table if exists wishlist 
       drop constraint if exists FKtrd6335blsefl2gxpb8lr0gr7
Hibernate: 
    drop table if exists books cascade
Hibernate: 
    drop table if exists categories cascade
Hibernate: 
    drop table if exists exchange_requests cascade
Hibernate: 
    drop table if exists messages cascade
Hibernate: 
    drop table if exists reviews cascade
Hibernate: 
    drop table if exists users cascade
Hibernate: 
    drop table if exists wishlist cascade
2026-03-02T23:42:02.348+06:00  INFO 11972 --- [           main] com.zaxxer.hikari.HikariDataSource       : HikariPool-1 - Shutdown initiated...
2026-03-02T23:42:02.355+06:00  INFO 11972 --- [           main] com.zaxxer.hikari.HikariDataSource       : HikariPool-1 - Shutdown completed.
2026-03-02T23:42:02.387+06:00  INFO 11972 --- [           main] .s.b.a.l.ConditionEvaluationReportLogger : 

Error starting ApplicationContext. To display the condition evaluation report re-run your application with 'debug' enabled.
2026-03-02T23:42:02.430+06:00 ERROR 11972 --- [           main] o.s.b.d.LoggingFailureAnalysisReporter   : 

***************************
APPLICATION FAILED TO START
***************************

Description:

Web server failed to start. Port 8080 was already in use.

Action:

Identify and stop the process that's listening on port 8080 or configure this application to listen on another port.

